<?xml version="1.0" encoding="UTF-8"?>
<!-- Generated by org.testng.reporters.JUnitXMLReporter -->
<testsuite ignored="0" hostname="LAPTOP-2PE0RB55" failures="1" tests="1" name="EdgeTest2" time="3.012" errors="0" timestamp="2026-02-20T16:08:24 IST">
  <testcase classname="testCases.AccountRegistrationTC" name="checkregistration" time="0.752">
    <failure type="java.lang.AssertionError" message="null">
      <![CDATA[java.lang.AssertionError: null
at testCases.AccountRegistrationTC.checkregistration(AccountRegistrationTC.java:65)
at java.base/java.util.ArrayList.forEach(ArrayList.java:1604)
... Removed 27 stack frames]]>
    </failure>
  </testcase> <!-- checkregistration -->
</testsuite> <!-- EdgeTest2 -->
