<?xml version="1.0" encoding="UTF-8"?>
<!-- Generated by org.testng.reporters.JUnitXMLReporter -->
<testsuite ignored="0" hostname="LAPTOP-2PE0RB55" failures="0" tests="1" name="Test" time="0.075" errors="0" timestamp="2026-02-17T13:34:49 IST">
  <testcase classname="testBase.Baseclass" name="@BeforeClass setup" time="-1.771315489408E9">
    <failure type="org.testng.TestNGException" message="
Parameter &amp;apos;os&amp;apos; is required by BeforeClass on method setup but has not been marked @Optional or defined
in C:\workspace16\OpenCartV1\testng.xml">
      <![CDATA[org.testng.TestNGException: 
Parameter 'os' is required by BeforeClass on method setup but has not been marked @Optional or defined
in C:\workspace16\OpenCartV1\testng.xml
at java.base/java.util.ArrayList.forEach(ArrayList.java:1604)
... Removed 22 stack frames]]>
    </failure>
  </testcase> <!-- @BeforeClass setup -->
  <testcase classname="testBase.Baseclass" name="@AfterClass close" time="0.0">
    <skipped/>
  </testcase> <!-- @AfterClass close -->
  <testcase classname="testCases.AccountLogin" name="logging" time="0.0">
    <skipped/>
  </testcase> <!-- logging -->
</testsuite> <!-- Test -->
