<?xml version="1.0" encoding="UTF-8"?>
<testng-results ignored="0" total="2" passed="2" failed="0" skipped="0">
  <reporter-output>
  </reporter-output>
  <suite started-at="2026-02-25T18:27:21 IST" name="Suite" finished-at="2026-02-25T18:27:56 IST" duration-ms="34167">
    <groups>
      <group name="regression">
        <method signature="AccountRegistrationTC.checkregistration()[pri:0, instance:testCases.AccountRegistrationTC@4690b489]" name="checkregistration" class="testCases.AccountRegistrationTC"/>
      </group> <!-- regression -->
      <group name="sanity">
        <method signature="AccountLogin.logging()[pri:0, instance:testCases.AccountLogin@47d90b9e]" name="logging" class="testCases.AccountLogin"/>
      </group> <!-- sanity -->
      <group name="master">
        <method signature="AccountLogin.logging()[pri:0, instance:testCases.AccountLogin@47d90b9e]" name="logging" class="testCases.AccountLogin"/>
        <method signature="AccountRegistrationTC.checkregistration()[pri:0, instance:testCases.AccountRegistrationTC@4690b489]" name="checkregistration" class="testCases.AccountRegistrationTC"/>
      </group> <!-- master -->
    </groups>
    <test started-at="2026-02-25T18:27:21 IST" name="EdgeTest" finished-at="2026-02-25T18:27:56 IST" duration-ms="34167">
      <class name="testCases.AccountLogin">
        <test-method is-config="true" signature="setup(java.lang.String,java.lang.String)[pri:0, instance:testCases.AccountLogin@47d90b9e]" started-at="2026-02-25T18:27:35 IST" name="setup" finished-at="2026-02-25T18:27:37 IST" duration-ms="2076" status="PASS">
          <params>
            <param index="0">
              <value>
                <![CDATA[windows]]>
              </value>
            </param>
            <param index="1">
              <value>
                <![CDATA[edge]]>
              </value>
            </param>
          </params>
          <reporter-output>
          </reporter-output>
        </test-method> <!-- setup -->
        <test-method signature="logging()[pri:0, instance:testCases.AccountLogin@47d90b9e]" started-at="2026-02-25T18:27:37 IST" name="logging" finished-at="2026-02-25T18:27:55 IST" duration-ms="17979" status="PASS">
          <reporter-output>
          </reporter-output>
        </test-method> <!-- logging -->
        <test-method is-config="true" signature="close()[pri:0, instance:testCases.AccountLogin@47d90b9e]" started-at="2026-02-25T18:27:55 IST" name="close" finished-at="2026-02-25T18:27:56 IST" duration-ms="387" status="PASS">
          <reporter-output>
          </reporter-output>
        </test-method> <!-- close -->
      </class> <!-- testCases.AccountLogin -->
      <class name="testCases.AccountRegistrationTC">
        <test-method is-config="true" signature="setup(java.lang.String,java.lang.String)[pri:0, instance:testCases.AccountRegistrationTC@4690b489]" started-at="2026-02-25T18:27:22 IST" name="setup" finished-at="2026-02-25T18:27:27 IST" duration-ms="5214" status="PASS">
          <params>
            <param index="0">
              <value>
                <![CDATA[windows]]>
              </value>
            </param>
            <param index="1">
              <value>
                <![CDATA[edge]]>
              </value>
            </param>
          </params>
          <reporter-output>
          </reporter-output>
        </test-method> <!-- setup -->
        <test-method signature="checkregistration()[pri:0, instance:testCases.AccountRegistrationTC@4690b489]" started-at="2026-02-25T18:27:27 IST" name="checkregistration" finished-at="2026-02-25T18:27:35 IST" duration-ms="7726" status="PASS">
          <reporter-output>
          </reporter-output>
        </test-method> <!-- checkregistration -->
        <test-method is-config="true" signature="close()[pri:0, instance:testCases.AccountRegistrationTC@4690b489]" started-at="2026-02-25T18:27:35 IST" name="close" finished-at="2026-02-25T18:27:35 IST" duration-ms="407" status="PASS">
          <reporter-output>
          </reporter-output>
        </test-method> <!-- close -->
      </class> <!-- testCases.AccountRegistrationTC -->
    </test> <!-- EdgeTest -->
  </suite> <!-- Suite -->
</testng-results>
